2021-04-12 14:03:39.856  WARN 12336 --- [nio-8081-exec-1] com.kctv.api.advice.ExceptionAdvice     :33 : 알수없는 오류 발생: Required request part 'request' is not present

org.springframework.web.multipart.support.MissingServletRequestPartException: Required request part 'request' is not present
	at org.springframework.web.multipart.support.RequestPartServletServerHttpRequest.<init>(RequestPartServletServerHttpRequest.java:71)
	at org.springframework.web.servlet.mvc.method.annotation.RequestPartMethodArgumentResolver.resolveArgument(RequestPartMethodArgumentResolver.java:134)
	at org.springframework.web.method.support.HandlerMethodArgumentResolverComposite.resolveArgument(HandlerMethodArgumentResolverComposite.java:121)
	at org.springframework.web.method.support.InvocableHandlerMethod.getMethodArgumentValues(InvocableHandlerMethod.java:167)
	at org.springframework.web.method.support.InvocableHandlerMethod.invokeForRequest(InvocableHandlerMethod.java:134)
	at org.springframework.web.servlet.mvc.method.annotation.ServletInvocableHandlerMethod.invokeAndHandle(ServletInvocableHandlerMethod.java:105)
	at org.springframework.web.servlet.mvc.method.annotation.RequestMappingHandlerAdapter.invokeHandlerMethod(RequestMappingHandlerAdapter.java:878)
	at org.springframework.web.servlet.mvc.method.annotation.RequestMappingHandlerAdapter.handleInternal(RequestMappingHandlerAdapter.java:792)
	at org.springframework.web.servlet.mvc.method.AbstractHandlerMethodAdapter.handle(AbstractHandlerMethodAdapter.java:87)
	at org.springframework.web.servlet.DispatcherServlet.doDispatch(DispatcherServlet.java:1040)
	at org.springframework.web.servlet.DispatcherServlet.doService(DispatcherServlet.java:943)
	at org.springframework.web.servlet.FrameworkServlet.processRequest(FrameworkServlet.java:1006)
	at org.springframework.web.servlet.FrameworkServlet.doPost(FrameworkServlet.java:909)
	at javax.servlet.http.HttpServlet.service(HttpServlet.java:652)
	at org.springframework.web.servlet.FrameworkServlet.service(FrameworkServlet.java:883)
	at javax.servlet.http.HttpServlet.service(HttpServlet.java:733)
	at org.apache.catalina.core.ApplicationFilterChain.internalDoFilter(ApplicationFilterChain.java:231)
	at org.apache.catalina.core.ApplicationFilterChain.doFilter(ApplicationFilterChain.java:166)
	at org.apache.tomcat.websocket.server.WsFilter.doFilter(WsFilter.java:53)
	at org.apache.catalina.core.ApplicationFilterChain.internalDoFilter(ApplicationFilterChain.java:193)
	at org.apache.catalina.core.ApplicationFilterChain.doFilter(ApplicationFilterChain.java:166)
	at org.springframework.security.web.FilterChainProxy$VirtualFilterChain.doFilter(FilterChainProxy.java:320)
	at org.springframework.security.web.access.intercept.FilterSecurityInterceptor.invoke(FilterSecurityInterceptor.java:126)
	at org.springframework.security.web.access.intercept.FilterSecurityInterceptor.doFilter(FilterSecurityInterceptor.java:90)
	at org.springframework.security.web.FilterChainProxy$VirtualFilterChain.doFilter(FilterChainProxy.java:334)
	at org.springframework.security.web.access.ExceptionTranslationFilter.doFilter(ExceptionTranslationFilter.java:118)
	at org.springframework.security.web.FilterChainProxy$VirtualFilterChain.doFilter(FilterChainProxy.java:334)
	at org.springframework.security.web.session.SessionManagementFilter.doFilter(SessionManagementFilter.java:137)
	at org.springframework.security.web.FilterChainProxy$VirtualFilterChain.doFilter(FilterChainProxy.java:334)
	at org.springframework.security.web.authentication.AnonymousAuthenticationFilter.doFilter(AnonymousAuthenticationFilter.java:111)
	at org.springframework.security.web.FilterChainProxy$VirtualFilterChain.doFilter(FilterChainProxy.java:334)
	at org.springframework.security.web.servletapi.SecurityContextHolderAwareRequestFilter.doFilter(SecurityContextHolderAwareRequestFilter.java:158)
	at org.springframework.security.web.FilterChainProxy$VirtualFilterChain.doFilter(FilterChainProxy.java:334)
	at org.springframework.security.web.savedrequest.RequestCacheAwareFilter.doFilter(RequestCacheAwareFilter.java:63)
	at org.springframework.security.web.FilterChainProxy$VirtualFilterChain.doFilter(FilterChainProxy.java:334)
	at com.kctv.api.config.security.JwtAuthenticationFilter.doFilter(JwtAuthenticationFilter.java:33)
	at org.springframework.security.web.FilterChainProxy$VirtualFilterChain.doFilter(FilterChainProxy.java:334)
	at org.springframework.security.web.authentication.logout.LogoutFilter.doFilter(LogoutFilter.java:116)
	at org.springframework.security.web.FilterChainProxy$VirtualFilterChain.doFilter(FilterChainProxy.java:334)
	at org.springframework.web.filter.CorsFilter.doFilterInternal(CorsFilter.java:92)
	at org.springframework.web.filter.OncePerRequestFilter.doFilter(OncePerRequestFilter.java:119)
	at org.springframework.security.web.FilterChainProxy$VirtualFilterChain.doFilter(FilterChainProxy.java:334)
	at org.springframework.security.web.header.HeaderWriterFilter.doHeadersAfter(HeaderWriterFilter.java:92)
	at org.springframework.security.web.header.HeaderWriterFilter.doFilterInternal(HeaderWriterFilter.java:77)
	at org.springframework.web.filter.OncePerRequestFilter.doFilter(OncePerRequestFilter.java:119)
	at org.springframework.security.web.FilterChainProxy$VirtualFilterChain.doFilter(FilterChainProxy.java:334)
	at org.springframework.security.web.context.SecurityContextPersistenceFilter.doFilter(SecurityContextPersistenceFilter.java:105)
	at org.springframework.security.web.FilterChainProxy$VirtualFilterChain.doFilter(FilterChainProxy.java:334)
	at org.springframework.security.web.context.request.async.WebAsyncManagerIntegrationFilter.doFilterInternal(WebAsyncManagerIntegrationFilter.java:56)
	at org.springframework.web.filter.OncePerRequestFilter.doFilter(OncePerRequestFilter.java:119)
	at org.springframework.security.web.FilterChainProxy$VirtualFilterChain.doFilter(FilterChainProxy.java:334)
	at org.springframework.security.web.FilterChainProxy.doFilterInternal(FilterChainProxy.java:215)
	at org.springframework.security.web.FilterChainProxy.doFilter(FilterChainProxy.java:178)
	at org.springframework.web.filter.DelegatingFilterProxy.invokeDelegate(DelegatingFilterProxy.java:358)
	at org.springframework.web.filter.DelegatingFilterProxy.doFilter(DelegatingFilterProxy.java:271)
	at org.apache.catalina.core.ApplicationFilterChain.internalDoFilter(ApplicationFilterChain.java:193)
	at org.apache.catalina.core.ApplicationFilterChain.doFilter(ApplicationFilterChain.java:166)
	at org.springframework.web.filter.RequestContextFilter.doFilterInternal(RequestContextFilter.java:100)
	at org.springframework.web.filter.OncePerRequestFilter.doFilter(OncePerRequestFilter.java:119)
	at org.apache.catalina.core.ApplicationFilterChain.internalDoFilter(ApplicationFilterChain.java:193)
	at org.apache.catalina.core.ApplicationFilterChain.doFilter(ApplicationFilterChain.java:166)
	at org.springframework.web.filter.FormContentFilter.doFilterInternal(FormContentFilter.java:93)
	at org.springframework.web.filter.OncePerRequestFilter.doFilter(OncePerRequestFilter.java:119)
	at org.apache.catalina.core.ApplicationFilterChain.internalDoFilter(ApplicationFilterChain.java:193)
	at org.apache.catalina.core.ApplicationFilterChain.doFilter(ApplicationFilterChain.java:166)
	at org.springframework.boot.actuate.metrics.web.servlet.WebMvcMetricsFilter.doFilterInternal(WebMvcMetricsFilter.java:93)
	at org.springframework.web.filter.OncePerRequestFilter.doFilter(OncePerRequestFilter.java:119)
	at org.apache.catalina.core.ApplicationFilterChain.internalDoFilter(ApplicationFilterChain.java:193)
	at org.apache.catalina.core.ApplicationFilterChain.doFilter(ApplicationFilterChain.java:166)
	at org.springframework.web.filter.CharacterEncodingFilter.doFilterInternal(CharacterEncodingFilter.java:201)
	at org.springframework.web.filter.OncePerRequestFilter.doFilter(OncePerRequestFilter.java:119)
	at org.apache.catalina.core.ApplicationFilterChain.internalDoFilter(ApplicationFilterChain.java:193)
	at org.apache.catalina.core.ApplicationFilterChain.doFilter(ApplicationFilterChain.java:166)
	at org.apache.catalina.core.StandardWrapperValve.invoke(StandardWrapperValve.java:202)
	at org.apache.catalina.core.StandardContextValve.invoke(StandardContextValve.java:97)
	at org.apache.catalina.authenticator.AuthenticatorBase.invoke(AuthenticatorBase.java:541)
	at org.apache.catalina.core.StandardHostValve.invoke(StandardHostValve.java:143)
	at org.apache.catalina.valves.ErrorReportValve.invoke(ErrorReportValve.java:92)
	at org.apache.catalina.core.StandardEngineValve.invoke(StandardEngineValve.java:78)
	at org.apache.catalina.connector.CoyoteAdapter.service(CoyoteAdapter.java:343)
	at org.apache.coyote.http11.Http11Processor.service(Http11Processor.java:374)
	at org.apache.coyote.AbstractProcessorLight.process(AbstractProcessorLight.java:65)
	at org.apache.coyote.AbstractProtocol$ConnectionHandler.process(AbstractProtocol.java:868)
	at org.apache.tomcat.util.net.NioEndpoint$SocketProcessor.doRun(NioEndpoint.java:1590)
	at org.apache.tomcat.util.net.SocketProcessorBase.run(SocketProcessorBase.java:49)
	at java.util.concurrent.ThreadPoolExecutor.runWorker(ThreadPoolExecutor.java:1149)
	at java.util.concurrent.ThreadPoolExecutor$Worker.run(ThreadPoolExecutor.java:624)
	at org.apache.tomcat.util.threads.TaskThread$WrappingRunnable.run(TaskThread.java:61)
	at java.lang.Thread.run(Thread.java:748)

2021-04-12 14:04:41.900  INFO 752 --- [           main] c.k.api.KctvSpringCassandraApplication  :55 : Starting KctvSpringCassandraApplication on Bruno-PC with PID 752 (C:\Users\Bruno\IdeaProjects\kctv-spring-cassandra\target\classes started by Bruno in C:\Users\Bruno\IdeaProjects\kctv-spring-cassandra)
2021-04-12 14:04:41.906  INFO 752 --- [           main] c.k.api.KctvSpringCassandraApplication  :655 : The following profiles are active: local
2021-04-12 14:04:45.043  INFO 752 --- [           main] .s.d.r.c.RepositoryConfigurationDelegate:127 : Bootstrapping Spring Data Reactive Cassandra repositories in DEFAULT mode.
2021-04-12 14:04:45.372  INFO 752 --- [           main] .s.d.r.c.RepositoryConfigurationDelegate:187 : Finished Spring Data repository scanning in 326ms. Found 0 Reactive Cassandra repository interfaces.
2021-04-12 14:04:45.388  INFO 752 --- [           main] .s.d.r.c.RepositoryConfigurationDelegate:127 : Bootstrapping Spring Data Cassandra repositories in DEFAULT mode.
2021-04-12 14:04:45.641  INFO 752 --- [           main] .s.d.r.c.RepositoryConfigurationDelegate:187 : Finished Spring Data repository scanning in 247ms. Found 35 Cassandra repository interfaces.
2021-04-12 14:04:46.344  INFO 752 --- [           main] f.a.AutowiredAnnotationBeanPostProcessor:478 : Autowired annotation is not supported on static fields: private static java.lang.String com.kctv.api.KctvSpringCassandraApplication.appVersion
2021-04-12 14:04:47.563  INFO 752 --- [           main] o.s.b.w.embedded.tomcat.TomcatWebServer :108 : Tomcat initialized with port(s): 8081 (http)
2021-04-12 14:04:47.568  INFO 752 --- [           main] o.a.coyote.http11.Http11NioProtocol     :173 : Initializing ProtocolHandler ["http-nio-8081"]
2021-04-12 14:04:47.584  INFO 752 --- [           main] o.apache.catalina.core.StandardService  :173 : Starting service [Tomcat]
2021-04-12 14:04:47.584  INFO 752 --- [           main] org.apache.catalina.core.StandardEngine :173 : Starting Servlet engine: [Apache Tomcat/9.0.38]
2021-04-12 14:04:47.843  INFO 752 --- [           main] o.a.c.c.C.[Tomcat].[localhost].[/]      :173 : Initializing Spring embedded WebApplicationContext
2021-04-12 14:04:47.844  INFO 752 --- [           main] w.s.c.ServletWebServerApplicationContext:285 : Root WebApplicationContext: initialization completed in 5285 ms
2021-04-12 14:04:48.970  INFO 752 --- [           main] c.d.o.d.i.core.DefaultMavenCoordinates  :37 : DataStax Java driver for Apache Cassandra(R) (com.datastax.oss:java-driver-core) version 4.6.1
2021-04-12 14:04:49.854  INFO 752 --- [     s0-admin-0] c.d.oss.driver.internal.core.time.Clock :40 : Using native clock for microsecond precision
2021-04-12 14:04:51.225  INFO 752 --- [        s0-io-0] c.d.o.d.i.core.channel.ChannelFactory   :224 : [s0] Failed to connect with protocol DSE_V2, retrying with DSE_V1
2021-04-12 14:04:51.241  INFO 752 --- [        s0-io-1] c.d.o.d.i.core.channel.ChannelFactory   :224 : [s0] Failed to connect with protocol DSE_V1, retrying with V4
2021-04-12 14:04:51.818  INFO 752 --- [        s0-io-2] c.d.oss.driver.api.core.uuid.Uuids      :194 : PID obtained through native call to getpid(): 752
2021-04-12 14:04:57.207  INFO 752 --- [     s1-admin-0] c.d.oss.driver.internal.core.time.Clock :40 : Using native clock for microsecond precision
2021-04-12 14:04:57.226  INFO 752 --- [        s1-io-0] c.d.o.d.i.core.channel.ChannelFactory   :224 : [s1] Failed to connect with protocol DSE_V2, retrying with DSE_V1
2021-04-12 14:04:57.240  INFO 752 --- [        s1-io-1] c.d.o.d.i.core.channel.ChannelFactory   :224 : [s1] Failed to connect with protocol DSE_V1, retrying with V4
2021-04-12 14:05:04.888  INFO 752 --- [           main] o.s.b.a.e.web.EndpointLinksResolver     :58 : Exposing 2 endpoint(s) beneath base path '/actuator'
2021-04-12 14:05:05.250  INFO 752 --- [           main] o.s.s.web.DefaultSecurityFilterChain    :43 : Creating filter chain: Ant [pattern='/v2/api-docs'], []
2021-04-12 14:05:05.250  INFO 752 --- [           main] o.s.s.web.DefaultSecurityFilterChain    :43 : Creating filter chain: Ant [pattern='/swagger-resources/**'], []
2021-04-12 14:05:05.251  INFO 752 --- [           main] o.s.s.web.DefaultSecurityFilterChain    :43 : Creating filter chain: Ant [pattern='/swagger-ui.html'], []
2021-04-12 14:05:05.251  INFO 752 --- [           main] o.s.s.web.DefaultSecurityFilterChain    :43 : Creating filter chain: Ant [pattern='/webjars/**'], []
2021-04-12 14:05:05.252  INFO 752 --- [           main] o.s.s.web.DefaultSecurityFilterChain    :43 : Creating filter chain: Ant [pattern='/swagger/**'], []
2021-04-12 14:05:05.252  INFO 752 --- [           main] o.s.s.web.DefaultSecurityFilterChain    :43 : Creating filter chain: Ant [pattern='/swagger-ui/**'], []
2021-04-12 14:05:05.305  INFO 752 --- [           main] o.s.s.web.DefaultSecurityFilterChain    :43 : Creating filter chain: any request, [org.springframework.security.web.context.request.async.WebAsyncManagerIntegrationFilter@430d3021, org.springframework.security.web.context.SecurityContextPersistenceFilter@26270b77, org.springframework.security.web.header.HeaderWriterFilter@4ec427, org.springframework.web.filter.CorsFilter@58f290bc, org.springframework.security.web.authentication.logout.LogoutFilter@73385d3f, com.kctv.api.config.security.JwtAuthenticationFilter@3220c28, org.springframework.security.web.savedrequest.RequestCacheAwareFilter@18b04526, org.springframework.security.web.servletapi.SecurityContextHolderAwareRequestFilter@6231f77a, org.springframework.security.web.authentication.AnonymousAuthenticationFilter@6ae42248, org.springframework.security.web.session.SessionManagementFilter@5b490d5e, org.springframework.security.web.access.ExceptionTranslationFilter@6b751cb1, org.springframework.security.web.access.intercept.FilterSecurityInterceptor@3dc55719]
2021-04-12 14:05:05.488  INFO 752 --- [           main] o.s.s.concurrent.ThreadPoolTaskExecutor :181 : Initializing ExecutorService 'applicationTaskExecutor'
2021-04-12 14:05:05.907  INFO 752 --- [           main] o.a.coyote.http11.Http11NioProtocol     :173 : Starting ProtocolHandler ["http-nio-8081"]
2021-04-12 14:05:05.943  INFO 752 --- [           main] o.s.b.w.embedded.tomcat.TomcatWebServer :220 : Tomcat started on port(s): 8081 (http) with context path ''
2021-04-12 14:05:05.945  INFO 752 --- [           main] d.s.w.p.DocumentationPluginsBootstrapper:120 : Context refreshed
2021-04-12 14:05:05.980  INFO 752 --- [           main] d.s.w.p.DocumentationPluginsBootstrapper:123 : Found 1 custom documentation plugin(s)
2021-04-12 14:05:06.024  INFO 752 --- [           main] s.d.s.w.s.ApiListingReferenceScanner    :41 : Scanning for api listing references
2021-04-12 14:05:07.081  INFO 752 --- [           main] .d.s.w.r.o.CachingOperationNameGenerator:40 : Generating unique operation named: getPlaceAllUsingGET_1
2021-04-12 14:05:07.142  INFO 752 --- [           main] .d.s.w.r.o.CachingOperationNameGenerator:40 : Generating unique operation named: getPlaceByTagsUsingGET_1
2021-04-12 14:05:07.202  INFO 752 --- [           main] .d.s.w.r.o.CachingOperationNameGenerator:40 : Generating unique operation named: getListTagsUsingGET_1
2021-04-12 14:05:07.206  INFO 752 --- [           main] .d.s.w.r.o.CachingOperationNameGenerator:40 : Generating unique operation named: getListTagsAllUsingGET_1
2021-04-12 14:05:07.425  INFO 752 --- [           main] c.k.api.KctvSpringCassandraApplication  :61 : Started KctvSpringCassandraApplication in 26.315 seconds (JVM running for 27.414)
2021-04-12 14:05:20.819  INFO 752 --- [nio-8081-exec-1] o.a.c.c.C.[Tomcat].[localhost].[/]      :173 : Initializing Spring DispatcherServlet 'dispatcherServlet'
2021-04-12 14:05:20.820  INFO 752 --- [nio-8081-exec-1] o.s.web.servlet.DispatcherServlet       :525 : Initializing Servlet 'dispatcherServlet'
2021-04-12 14:05:20.831  INFO 752 --- [nio-8081-exec-1] o.s.web.servlet.DispatcherServlet       :547 : Completed initialization in 11 ms
2021-04-12 14:06:06.740  WARN 752 --- [nio-8081-exec-7] com.kctv.api.advice.ExceptionAdvice     :33 : 알수없는 오류 발생: Index: 3, Size: 2

java.lang.IndexOutOfBoundsException: Index: 3, Size: 2
	at java.util.ArrayList.rangeCheckForAdd(ArrayList.java:667)
	at java.util.ArrayList.add(ArrayList.java:479)
	at com.kctv.api.controller.v1.admin.AdminController.postOwnerInterviewStep2(AdminController.java:206)
	at sun.reflect.NativeMethodAccessorImpl.invoke0(Native Method)
	at sun.reflect.NativeMethodAccessorImpl.invoke(NativeMethodAccessorImpl.java:62)
	at sun.reflect.DelegatingMethodAccessorImpl.invoke(DelegatingMethodAccessorImpl.java:43)
	at java.lang.reflect.Method.invoke(Method.java:498)
	at org.springframework.web.method.support.InvocableHandlerMethod.doInvoke(InvocableHandlerMethod.java:190)
	at org.springframework.web.method.support.InvocableHandlerMethod.invokeForRequest(InvocableHandlerMethod.java:138)
	at org.springframework.web.servlet.mvc.method.annotation.ServletInvocableHandlerMethod.invokeAndHandle(ServletInvocableHandlerMethod.java:105)
	at org.springframework.web.servlet.mvc.method.annotation.RequestMappingHandlerAdapter.invokeHandlerMethod(RequestMappingHandlerAdapter.java:878)
	at org.springframework.web.servlet.mvc.method.annotation.RequestMappingHandlerAdapter.handleInternal(RequestMappingHandlerAdapter.java:792)
	at org.springframework.web.servlet.mvc.method.AbstractHandlerMethodAdapter.handle(AbstractHandlerMethodAdapter.java:87)
	at org.springframework.web.servlet.DispatcherServlet.doDispatch(DispatcherServlet.java:1040)
	at org.springframework.web.servlet.DispatcherServlet.doService(DispatcherServlet.java:943)
	at org.springframework.web.servlet.FrameworkServlet.processRequest(FrameworkServlet.java:1006)
	at org.springframework.web.servlet.FrameworkServlet.doPost(FrameworkServlet.java:909)
	at javax.servlet.http.HttpServlet.service(HttpServlet.java:652)
	at org.springframework.web.servlet.FrameworkServlet.service(FrameworkServlet.java:883)
	at javax.servlet.http.HttpServlet.service(HttpServlet.java:733)
	at org.apache.catalina.core.ApplicationFilterChain.internalDoFilter(ApplicationFilterChain.java:231)
	at org.apache.catalina.core.ApplicationFilterChain.doFilter(ApplicationFilterChain.java:166)
	at org.apache.tomcat.websocket.server.WsFilter.doFilter(WsFilter.java:53)
	at org.apache.catalina.core.ApplicationFilterChain.internalDoFilter(ApplicationFilterChain.java:193)
	at org.apache.catalina.core.ApplicationFilterChain.doFilter(ApplicationFilterChain.java:166)
	at org.springframework.security.web.FilterChainProxy$VirtualFilterChain.doFilter(FilterChainProxy.java:320)
	at org.springframework.security.web.access.intercept.FilterSecurityInterceptor.invoke(FilterSecurityInterceptor.java:126)
	at org.springframework.security.web.access.intercept.FilterSecurityInterceptor.doFilter(FilterSecurityInterceptor.java:90)
	at org.springframework.security.web.FilterChainProxy$VirtualFilterChain.doFilter(FilterChainProxy.java:334)
	at org.springframework.security.web.access.ExceptionTranslationFilter.doFilter(ExceptionTranslationFilter.java:118)
	at org.springframework.security.web.FilterChainProxy$VirtualFilterChain.doFilter(FilterChainProxy.java:334)
	at org.springframework.security.web.session.SessionManagementFilter.doFilter(SessionManagementFilter.java:137)
	at org.springframework.security.web.FilterChainProxy$VirtualFilterChain.doFilter(FilterChainProxy.java:334)
	at org.springframework.security.web.authentication.AnonymousAuthenticationFilter.doFilter(AnonymousAuthenticationFilter.java:111)
	at org.springframework.security.web.FilterChainProxy$VirtualFilterChain.doFilter(FilterChainProxy.java:334)
	at org.springframework.security.web.servletapi.SecurityContextHolderAwareRequestFilter.doFilter(SecurityContextHolderAwareRequestFilter.java:158)
	at org.springframework.security.web.FilterChainProxy$VirtualFilterChain.doFilter(FilterChainProxy.java:334)
	at org.springframework.security.web.savedrequest.RequestCacheAwareFilter.doFilter(RequestCacheAwareFilter.java:63)
	at org.springframework.security.web.FilterChainProxy$VirtualFilterChain.doFilter(FilterChainProxy.java:334)
	at com.kctv.api.config.security.JwtAuthenticationFilter.doFilter(JwtAuthenticationFilter.java:33)
	at org.springframework.security.web.FilterChainProxy$VirtualFilterChain.doFilter(FilterChainProxy.java:334)
	at org.springframework.security.web.authentication.logout.LogoutFilter.doFilter(LogoutFilter.java:116)
	at org.springframework.security.web.FilterChainProxy$VirtualFilterChain.doFilter(FilterChainProxy.java:334)
	at org.springframework.web.filter.CorsFilter.doFilterInternal(CorsFilter.java:92)
	at org.springframework.web.filter.OncePerRequestFilter.doFilter(OncePerRequestFilter.java:119)
	at org.springframework.security.web.FilterChainProxy$VirtualFilterChain.doFilter(FilterChainProxy.java:334)
	at org.springframework.security.web.header.HeaderWriterFilter.doHeadersAfter(HeaderWriterFilter.java:92)
	at org.springframework.security.web.header.HeaderWriterFilter.doFilterInternal(HeaderWriterFilter.java:77)
	at org.springframework.web.filter.OncePerRequestFilter.doFilter(OncePerRequestFilter.java:119)
	at org.springframework.security.web.FilterChainProxy$VirtualFilterChain.doFilter(FilterChainProxy.java:334)
	at org.springframework.security.web.context.SecurityContextPersistenceFilter.doFilter(SecurityContextPersistenceFilter.java:105)
	at org.springframework.security.web.FilterChainProxy$VirtualFilterChain.doFilter(FilterChainProxy.java:334)
	at org.springframework.security.web.context.request.async.WebAsyncManagerIntegrationFilter.doFilterInternal(WebAsyncManagerIntegrationFilter.java:56)
	at org.springframework.web.filter.OncePerRequestFilter.doFilter(OncePerRequestFilter.java:119)
	at org.springframework.security.web.FilterChainProxy$VirtualFilterChain.doFilter(FilterChainProxy.java:334)
	at org.springframework.security.web.FilterChainProxy.doFilterInternal(FilterChainProxy.java:215)
	at org.springframework.security.web.FilterChainProxy.doFilter(FilterChainProxy.java:178)
	at org.springframework.web.filter.DelegatingFilterProxy.invokeDelegate(DelegatingFilterProxy.java:358)
	at org.springframework.web.filter.DelegatingFilterProxy.doFilter(DelegatingFilterProxy.java:271)
	at org.apache.catalina.core.ApplicationFilterChain.internalDoFilter(ApplicationFilterChain.java:193)
	at org.apache.catalina.core.ApplicationFilterChain.doFilter(ApplicationFilterChain.java:166)
	at org.springframework.web.filter.RequestContextFilter.doFilterInternal(RequestContextFilter.java:100)
	at org.springframework.web.filter.OncePerRequestFilter.doFilter(OncePerRequestFilter.java:119)
	at org.apache.catalina.core.ApplicationFilterChain.internalDoFilter(ApplicationFilterChain.java:193)
	at org.apache.catalina.core.ApplicationFilterChain.doFilter(ApplicationFilterChain.java:166)
	at org.springframework.web.filter.FormContentFilter.doFilterInternal(FormContentFilter.java:93)
	at org.springframework.web.filter.OncePerRequestFilter.doFilter(OncePerRequestFilter.java:119)
	at org.apache.catalina.core.ApplicationFilterChain.internalDoFilter(ApplicationFilterChain.java:193)
	at org.apache.catalina.core.ApplicationFilterChain.doFilter(ApplicationFilterChain.java:166)
	at org.springframework.boot.actuate.metrics.web.servlet.WebMvcMetricsFilter.doFilterInternal(WebMvcMetricsFilter.java:93)
	at org.springframework.web.filter.OncePerRequestFilter.doFilter(OncePerRequestFilter.java:119)
	at org.apache.catalina.core.ApplicationFilterChain.internalDoFilter(ApplicationFilterChain.java:193)
	at org.apache.catalina.core.ApplicationFilterChain.doFilter(ApplicationFilterChain.java:166)
	at org.springframework.web.filter.CharacterEncodingFilter.doFilterInternal(CharacterEncodingFilter.java:201)
	at org.springframework.web.filter.OncePerRequestFilter.doFilter(OncePerRequestFilter.java:119)
	at org.apache.catalina.core.ApplicationFilterChain.internalDoFilter(ApplicationFilterChain.java:193)
	at org.apache.catalina.core.ApplicationFilterChain.doFilter(ApplicationFilterChain.java:166)
	at org.apache.catalina.core.StandardWrapperValve.invoke(StandardWrapperValve.java:202)
	at org.apache.catalina.core.StandardContextValve.invoke(StandardContextValve.java:97)
	at org.apache.catalina.authenticator.AuthenticatorBase.invoke(AuthenticatorBase.java:541)
	at org.apache.catalina.core.StandardHostValve.invoke(StandardHostValve.java:143)
	at org.apache.catalina.valves.ErrorReportValve.invoke(ErrorReportValve.java:92)
	at org.apache.catalina.core.StandardEngineValve.invoke(StandardEngineValve.java:78)
	at org.apache.catalina.connector.CoyoteAdapter.service(CoyoteAdapter.java:343)
	at org.apache.coyote.http11.Http11Processor.service(Http11Processor.java:374)
	at org.apache.coyote.AbstractProcessorLight.process(AbstractProcessorLight.java:65)
	at org.apache.coyote.AbstractProtocol$ConnectionHandler.process(AbstractProtocol.java:868)
	at org.apache.tomcat.util.net.NioEndpoint$SocketProcessor.doRun(NioEndpoint.java:1590)
	at org.apache.tomcat.util.net.SocketProcessorBase.run(SocketProcessorBase.java:49)
	at java.util.concurrent.ThreadPoolExecutor.runWorker(ThreadPoolExecutor.java:1149)
	at java.util.concurrent.ThreadPoolExecutor$Worker.run(ThreadPoolExecutor.java:624)
	at org.apache.tomcat.util.threads.TaskThread$WrappingRunnable.run(TaskThread.java:61)
	at java.lang.Thread.run(Thread.java:748)

2021-04-12 14:46:13.958  INFO 5620 --- [           main] c.k.api.KctvSpringCassandraApplication  :55 : Starting KctvSpringCassandraApplication on Bruno-PC with PID 5620 (C:\Users\Bruno\IdeaProjects\kctv-spring-cassandra\target\classes started by Bruno in C:\Users\Bruno\IdeaProjects\kctv-spring-cassandra)
2021-04-12 14:46:13.973  INFO 5620 --- [           main] c.k.api.KctvSpringCassandraApplication  :655 : The following profiles are active: local
2021-04-12 14:46:16.480  INFO 5620 --- [           main] .s.d.r.c.RepositoryConfigurationDelegate:127 : Bootstrapping Spring Data Reactive Cassandra repositories in DEFAULT mode.
2021-04-12 14:46:16.743  INFO 5620 --- [           main] .s.d.r.c.RepositoryConfigurationDelegate:187 : Finished Spring Data repository scanning in 252ms. Found 0 Reactive Cassandra repository interfaces.
2021-04-12 14:46:16.750  INFO 5620 --- [           main] .s.d.r.c.RepositoryConfigurationDelegate:127 : Bootstrapping Spring Data Cassandra repositories in DEFAULT mode.
2021-04-12 14:46:16.913  INFO 5620 --- [           main] .s.d.r.c.RepositoryConfigurationDelegate:187 : Finished Spring Data repository scanning in 172ms. Found 35 Cassandra repository interfaces.
2021-04-12 14:46:17.401  INFO 5620 --- [           main] f.a.AutowiredAnnotationBeanPostProcessor:478 : Autowired annotation is not supported on static fields: private static java.lang.String com.kctv.api.KctvSpringCassandraApplication.appVersion
2021-04-12 14:46:18.563  INFO 5620 --- [           main] o.s.b.w.embedded.tomcat.TomcatWebServer :108 : Tomcat initialized with port(s): 8081 (http)
2021-04-12 14:46:18.578  INFO 5620 --- [           main] o.a.coyote.http11.Http11NioProtocol     :173 : Initializing ProtocolHandler ["http-nio-8081"]
2021-04-12 14:46:18.578  INFO 5620 --- [           main] o.apache.catalina.core.StandardService  :173 : Starting service [Tomcat]
2021-04-12 14:46:18.578  INFO 5620 --- [           main] org.apache.catalina.core.StandardEngine :173 : Starting Servlet engine: [Apache Tomcat/9.0.38]
2021-04-12 14:46:18.834  INFO 5620 --- [           main] o.a.c.c.C.[Tomcat].[localhost].[/]      :173 : Initializing Spring embedded WebApplicationContext
2021-04-12 14:46:18.834  INFO 5620 --- [           main] w.s.c.ServletWebServerApplicationContext:285 : Root WebApplicationContext: initialization completed in 4375 ms
2021-04-12 14:46:19.740  INFO 5620 --- [           main] c.d.o.d.i.core.DefaultMavenCoordinates  :37 : DataStax Java driver for Apache Cassandra(R) (com.datastax.oss:java-driver-core) version 4.6.1
2021-04-12 14:46:20.589  INFO 5620 --- [     s0-admin-0] c.d.oss.driver.internal.core.time.Clock :40 : Using native clock for microsecond precision
2021-04-12 14:46:21.993  INFO 5620 --- [        s0-io-0] c.d.o.d.i.core.channel.ChannelFactory   :224 : [s0] Failed to connect with protocol DSE_V2, retrying with DSE_V1
2021-04-12 14:46:22.024  INFO 5620 --- [        s0-io-1] c.d.o.d.i.core.channel.ChannelFactory   :224 : [s0] Failed to connect with protocol DSE_V1, retrying with V4
2021-04-12 14:46:22.610  INFO 5620 --- [        s0-io-2] c.d.oss.driver.api.core.uuid.Uuids      :194 : PID obtained through native call to getpid(): 5620
2021-04-12 14:46:27.978  INFO 5620 --- [     s1-admin-0] c.d.oss.driver.internal.core.time.Clock :40 : Using native clock for microsecond precision
2021-04-12 14:46:27.994  INFO 5620 --- [        s1-io-0] c.d.o.d.i.core.channel.ChannelFactory   :224 : [s1] Failed to connect with protocol DSE_V2, retrying with DSE_V1
2021-04-12 14:46:28.303  INFO 5620 --- [        s1-io-1] c.d.o.d.i.core.channel.ChannelFactory   :224 : [s1] Failed to connect with protocol DSE_V1, retrying with V4
2021-04-12 14:46:35.955  INFO 5620 --- [           main] o.s.b.a.e.web.EndpointLinksResolver     :58 : Exposing 2 endpoint(s) beneath base path '/actuator'
2021-04-12 14:46:36.321  INFO 5620 --- [           main] o.s.s.web.DefaultSecurityFilterChain    :43 : Creating filter chain: Ant [pattern='/v2/api-docs'], []
2021-04-12 14:46:36.321  INFO 5620 --- [           main] o.s.s.web.DefaultSecurityFilterChain    :43 : Creating filter chain: Ant [pattern='/swagger-resources/**'], []
2021-04-12 14:46:36.321  INFO 5620 --- [           main] o.s.s.web.DefaultSecurityFilterChain    :43 : Creating filter chain: Ant [pattern='/swagger-ui.html'], []
2021-04-12 14:46:36.321  INFO 5620 --- [           main] o.s.s.web.DefaultSecurityFilterChain    :43 : Creating filter chain: Ant [pattern='/webjars/**'], []
2021-04-12 14:46:36.321  INFO 5620 --- [           main] o.s.s.web.DefaultSecurityFilterChain    :43 : Creating filter chain: Ant [pattern='/swagger/**'], []
2021-04-12 14:46:36.321  INFO 5620 --- [           main] o.s.s.web.DefaultSecurityFilterChain    :43 : Creating filter chain: Ant [pattern='/swagger-ui/**'], []
2021-04-12 14:46:36.373  INFO 5620 --- [           main] o.s.s.web.DefaultSecurityFilterChain    :43 : Creating filter chain: any request, [org.springframework.security.web.context.request.async.WebAsyncManagerIntegrationFilter@54941dfd, org.springframework.security.web.context.SecurityContextPersistenceFilter@2abedbbd, org.springframework.security.web.header.HeaderWriterFilter@b34c7c9, org.springframework.web.filter.CorsFilter@5a7e81, org.springframework.security.web.authentication.logout.LogoutFilter@460eb276, com.kctv.api.config.security.JwtAuthenticationFilter@4045fd1f, org.springframework.security.web.savedrequest.RequestCacheAwareFilter@6231f77a, org.springframework.security.web.servletapi.SecurityContextHolderAwareRequestFilter@56881196, org.springframework.security.web.authentication.AnonymousAuthenticationFilter@13ee97af, org.springframework.security.web.session.SessionManagementFilter@3eee08f5, org.springframework.security.web.access.ExceptionTranslationFilter@1c58d7be, org.springframework.security.web.access.intercept.FilterSecurityInterceptor@58f290bc]
2021-04-12 14:46:36.558  INFO 5620 --- [           main] o.s.s.concurrent.ThreadPoolTaskExecutor :181 : Initializing ExecutorService 'applicationTaskExecutor'
2021-04-12 14:46:36.977  INFO 5620 --- [           main] o.a.coyote.http11.Http11NioProtocol     :173 : Starting ProtocolHandler ["http-nio-8081"]
2021-04-12 14:46:37.008  INFO 5620 --- [           main] o.s.b.w.embedded.tomcat.TomcatWebServer :220 : Tomcat started on port(s): 8081 (http) with context path ''
2021-04-12 14:46:37.008  INFO 5620 --- [           main] d.s.w.p.DocumentationPluginsBootstrapper:120 : Context refreshed
2021-04-12 14:46:37.049  INFO 5620 --- [           main] d.s.w.p.DocumentationPluginsBootstrapper:123 : Found 1 custom documentation plugin(s)
2021-04-12 14:46:37.069  INFO 5620 --- [           main] s.d.s.w.s.ApiListingReferenceScanner    :41 : Scanning for api listing references
2021-04-12 14:46:38.106  INFO 5620 --- [           main] .d.s.w.r.o.CachingOperationNameGenerator:40 : Generating unique operation named: getPlaceAllUsingGET_1
2021-04-12 14:46:38.167  INFO 5620 --- [           main] .d.s.w.r.o.CachingOperationNameGenerator:40 : Generating unique operation named: getPlaceByTagsUsingGET_1
2021-04-12 14:46:38.200  INFO 5620 --- [           main] .d.s.w.r.o.CachingOperationNameGenerator:40 : Generating unique operation named: getListTagsUsingGET_1
2021-04-12 14:46:38.210  INFO 5620 --- [           main] .d.s.w.r.o.CachingOperationNameGenerator:40 : Generating unique operation named: getListTagsAllUsingGET_1
2021-04-12 14:46:38.415  INFO 5620 --- [           main] c.k.api.KctvSpringCassandraApplication  :61 : Started KctvSpringCassandraApplication in 25.147 seconds (JVM running for 26.172)
